<?xml version="1.0" encoding="UTF-8"?>
<!-- Generated by org.testng.reporters.JUnitReportReporter -->
<testsuite hostname="DESKTOP-6QHQ02R" failures="0" tests="1" name="saucedemo.AddProduct" time="19.463" errors="0" timestamp="2023-01-13T12:52:26 IST" skipped="0">
  <testcase classname="saucedemo.AddProduct" name="verifyAddProduct" time="19.463"/>
  <system-out/>
</testsuite> <!-- saucedemo.AddProduct -->
