<?xml version="1.0" encoding="UTF-8"?>
<!-- Generated by org.testng.reporters.JUnitReportReporter -->
<testsuite hostname="DESKTOP-6QHQ02R" failures="0" tests="1" name="nopComm.LoginTest" time="29.876" errors="0" timestamp="2023-01-09T11:50:50 IST" skipped="0">
  <testcase classname="nopComm.LoginTest" name="verifyLogin" time="29.876"/>
  <system-out/>
</testsuite> <!-- nopComm.LoginTest -->
