<?xml version="1.0" encoding="UTF-8"?>
<!-- Generated by org.testng.reporters.JUnitReportReporter -->
<testsuite hostname="DESKTOP-6QHQ02R" failures="0" tests="1" name="saucedemo.LoginTest" time="6.431" errors="0" timestamp="2023-01-12T17:45:41 IST" skipped="0">
  <testcase classname="saucedemo.LoginTest" name="verifyLoginFeature" time="6.431"/>
  <system-out/>
</testsuite> <!-- saucedemo.LoginTest -->
