<?xml version="1.0" encoding="UTF-8"?>
<!-- Generated by org.testng.reporters.JUnitReportReporter -->
<testsuite hostname="DESKTOP-6QHQ02R" failures="0" tests="1" name="saucedemo.AddProduct" time="12.913" errors="0" timestamp="2023-01-12T20:32:07 IST" skipped="0">
  <testcase classname="saucedemo.AddProduct" name="verifyAddProduct" time="12.913"/>
  <system-out/>
</testsuite> <!-- saucedemo.AddProduct -->
